<?xml version="1.0" encoding="UTF-8"?>
<testng-results ignored="0" total="1" passed="1" failed="0" skipped="0">
  <reporter-output>
  </reporter-output>
  <suite started-at="2025-01-01T16:38:19 IST" name="Suite" finished-at="2025-01-01T16:38:31 IST" duration-ms="11788">
    <groups>
    </groups>
    <test started-at="2025-01-01T16:38:19 IST" name="Test" finished-at="2025-01-01T16:38:31 IST" duration-ms="11788">
      <class name="testCases_registration.TC_001_HomePage_registration">
        <test-method is-config="true" signature="setupRegistration()[pri:0, instance:testCases_registration.TC_001_HomePage_registration@36bc55de]" started-at="2025-01-01T16:38:19 IST" name="setupRegistration" finished-at="2025-01-01T16:38:25 IST" duration-ms="5483" status="PASS">
          <reporter-output>
          </reporter-output>
        </test-method> <!-- setupRegistration -->
        <test-method signature="Registration_home_page()[pri:0, instance:testCases_registration.TC_001_HomePage_registration@36bc55de]" started-at="2025-01-01T16:38:25 IST" name="Registration_home_page" finished-at="2025-01-01T16:38:28 IST" duration-ms="2881" status="PASS">
          <reporter-output>
          </reporter-output>
        </test-method> <!-- Registration_home_page -->
        <test-method is-config="true" signature="teardown()[pri:0, instance:testCases_registration.TC_001_HomePage_registration@36bc55de]" started-at="2025-01-01T16:38:28 IST" name="teardown" finished-at="2025-01-01T16:38:31 IST" duration-ms="3350" status="PASS">
          <reporter-output>
          </reporter-output>
        </test-method> <!-- teardown -->
      </class> <!-- testCases_registration.TC_001_HomePage_registration -->
    </test> <!-- Test -->
  </suite> <!-- Suite -->
</testng-results>
